#
# There is insufficient memory for the Java Runtime Environment to continue.
# Native memory allocation (mmap) failed to map 260046848 bytes for G1 virtual space
# Possible reasons:
#   The system is out of physical RAM or swap space
#   The process is running with CompressedOops enabled, and the Java Heap may be blocking the growth of the native heap
# Possible solutions:
#   Reduce memory load on the system
#   Increase physical memory or swap space
#   Check if swap backing store is full
#   Decrease Java heap size (-Xmx/-Xms)
#   Decrease number of Java threads
#   Decrease Java thread stack sizes (-Xss)
#   Set larger code cache with -XX:ReservedCodeCacheSize=
#   JVM is running with Zero Based Compressed Oops mode in which the Java heap is
#     placed in the first 32GB address space. The Java Heap base address is the
#     maximum limit for the native heap growth. Please use -XX:HeapBaseMinAddress
#     to set the Java Heap base and to place the Java Heap above 32GB virtual address.
# This output file may be truncated or incomplete.
#
#  Out of Memory Error (os_windows.cpp:3613), pid=42888, tid=64808
#
# JRE version:  (17.0.10+7) (build )
# Java VM: OpenJDK 64-Bit Server VM (17.0.10+7-LTS, mixed mode, sharing, tiered, compressed oops, compressed class ptrs, g1 gc, windows-amd64)
# No core dump will be written. Minidumps are not enabled by default on client versions of Windows
#

---------------  S U M M A R Y ------------

Command Line: -Dmaven.multiModuleProjectDirectory=C:\Users\Afnen\Downloads\Destocker-ghof\Destocker-ghof -Djansi.passthrough=true -Dmaven.home=C:\Program Files\JetBrains\IntelliJ IDEA 2023.2.1\plugins\maven\lib\maven3 -Dclassworlds.conf=C:\Program Files\JetBrains\IntelliJ IDEA 2023.2.1\plugins\maven\lib\maven3\bin\m2.conf -Dmaven.ext.class.path=C:\Program Files\JetBrains\IntelliJ IDEA 2023.2.1\plugins\maven\lib\maven-event-listener.jar -javaagent:C:\Program Files\JetBrains\IntelliJ IDEA 2023.2.1\lib\idea_rt.jar=62424:C:\Program Files\JetBrains\IntelliJ IDEA 2023.2.1\bin -Dfile.encoding=UTF-8 org.codehaus.classworlds.Launcher -Didea.version=2023.2.6 org.openjfx:javafx-maven-plugin:0.0.8:run

Host: AMD Ryzen 7 4800H with Radeon Graphics         , 16 cores, 15G,  Windows 11 , 64 bit Build 22621 (10.0.22621.3085)
Time: Mon Feb 26 21:41:11 2024 W. Central Africa Standard Time elapsed time: 0.034935 seconds (0d 0h 0m 0s)

---------------  T H R E A D  ---------------

Current thread (0x0000013b47b1b730):  JavaThread "Unknown thread" [_thread_in_vm, id=64808, stack(0x0000002475900000,0x0000002475a00000)]

Stack: [0x0000002475900000,0x0000002475a00000]
Native frames: (J=compiled Java code, j=interpreted, Vv=VM code, C=native code)
V  [jvm.dll+0x67d2c9]
V  [jvm.dll+0x834b1a]
V  [jvm.dll+0x8365de]
V  [jvm.dll+0x836c43]
V  [jvm.dll+0x2477ff]
V  [jvm.dll+0x67a109]
V  [jvm.dll+0x66eb7a]
V  [jvm.dll+0x30764b]
V  [jvm.dll+0x30eaf6]
V  [jvm.dll+0x35e83e]
V  [jvm.dll+0x35ea6f]
V  [jvm.dll+0x2de248]
V  [jvm.dll+0x2df1b4]
V  [jvm.dll+0x806381]
V  [jvm.dll+0x36c6f1]
V  [jvm.dll+0x7e4e26]
V  [jvm.dll+0x3eff3f]
V  [jvm.dll+0x3f1b71]
C  [jli.dll+0x528f]
C  [ucrtbase.dll+0x29363]
C  [KERNEL32.DLL+0x1257d]
C  [ntdll.dll+0x5aa58]


---------------  P R O C E S S  ---------------

Threads class SMR info:
_java_thread_list=0x00007ff92aa6ee98, length=0, elements={
}

Java Threads: ( => current thread )

Other Threads:
  0x0000013b47b85bc0 GCTaskThread "GC Thread#0" [stack: 0x0000002475a00000,0x0000002475b00000] [id=63296]
  0x0000013b47b981e0 ConcurrentGCThread "G1 Main Marker" [stack: 0x0000002475b00000,0x0000002475c00000] [id=64928]
  0x0000013b47b9a3b0 ConcurrentGCThread "G1 Conc#0" [stack: 0x0000002475c00000,0x0000002475d00000] [id=66512]

[error occurred during error reporting (printing all threads), id 0xc0000005, EXCEPTION_ACCESS_VIOLATION (0xc0000005) at pc=0x00007ff92a22ec87]

VM state: not at safepoint (not fully initialized)

VM Mutex/Monitor currently owned by a thread:  ([mutex/lock_event])
[0x0000013b47b17020] Heap_lock - owner thread: 0x0000013b47b1b730

Heap address: 0x0000000709400000, size: 3948 MB, Compressed Oops mode: Zero based, Oop shift amount: 3

CDS archive(s) mapped at: [0x0000000000000000-0x0000000000000000-0x0000000000000000), size 0, SharedBaseAddress: 0x0000000800000000, ArchiveRelocationMode: 1.
Narrow klass base: 0x0000000000000000, Narrow klass shift: 0, Narrow klass range: 0x0

GC Precious Log:
<Empty>

Heap:
 garbage-first heap   total 0K, used 0K [0x0000000709400000, 0x0000000800000000)
  region size 2048K, 0 young (0K), 0 survivors (0K)

[error occurred during error reporting (printing heap information), id 0xc0000005, EXCEPTION_ACCESS_VIOLATION (0xc0000005) at pc=0x00007ff92a616fb9]

GC Heap History (0 events):
No events

Dll operation events (1 events):
Event: 0.030 Loaded shared library C:\Users\Afnen\.jdks\corretto-17.0.10\bin\java.dll

Deoptimization events (0 events):
No events

Classes unloaded (0 events):
No events

Classes redefined (0 events):
No events

Internal exceptions (0 events):
No events

VM Operations (0 events):
No events

Events (0 events):
No events


Dynamic libraries:
0x00007ff658b30000 - 0x00007ff658b3e000 	C:\Users\Afnen\.jdks\corretto-17.0.10\bin\java.exe
0x00007ff971850000 - 0x00007ff971a67000 	C:\WINDOWS\SYSTEM32\ntdll.dll
0x00007ff970890000 - 0x00007ff970954000 	C:\WINDOWS\System32\KERNEL32.DLL
0x00007ff96f1f0000 - 0x00007ff96f596000 	C:\WINDOWS\System32\KERNELBASE.dll
0x00007ff96ee90000 - 0x00007ff96efa1000 	C:\WINDOWS\System32\ucrtbase.dll
0x00007ff95e720000 - 0x00007ff95e737000 	C:\Users\Afnen\.jdks\corretto-17.0.10\bin\jli.dll
0x00007ff95e6c0000 - 0x00007ff95e6db000 	C:\Users\Afnen\.jdks\corretto-17.0.10\bin\VCRUNTIME140.dll
0x00007ff971440000 - 0x00007ff9715ee000 	C:\WINDOWS\System32\USER32.dll
0x00007ff96f020000 - 0x00007ff96f046000 	C:\WINDOWS\System32\win32u.dll
0x00007ff95de80000 - 0x00007ff95e113000 	C:\WINDOWS\WinSxS\amd64_microsoft.windows.common-controls_6595b64144ccf1df_6.0.22621.2506_none_270c5ae97388e100\COMCTL32.dll
0x00007ff970960000 - 0x00007ff970989000 	C:\WINDOWS\System32\GDI32.dll
0x00007ff96f0d0000 - 0x00007ff96f1e8000 	C:\WINDOWS\System32\gdi32full.dll
0x00007ff971290000 - 0x00007ff971337000 	C:\WINDOWS\System32\msvcrt.dll
0x00007ff96eb90000 - 0x00007ff96ec2a000 	C:\WINDOWS\System32\msvcp_win.dll
0x00007ff970800000 - 0x00007ff970831000 	C:\WINDOWS\System32\IMM32.DLL
0x00007ff96a190000 - 0x00007ff96a19c000 	C:\Users\Afnen\.jdks\corretto-17.0.10\bin\vcruntime140_1.dll
0x00007ff9538c0000 - 0x00007ff95394d000 	C:\Users\Afnen\.jdks\corretto-17.0.10\bin\msvcp140.dll
0x00007ff929f40000 - 0x00007ff92aba2000 	C:\Users\Afnen\.jdks\corretto-17.0.10\bin\server\jvm.dll
0x00007ff9705a0000 - 0x00007ff970653000 	C:\WINDOWS\System32\ADVAPI32.dll
0x00007ff970f20000 - 0x00007ff970fc8000 	C:\WINDOWS\System32\sechost.dll
0x00007ff96ec30000 - 0x00007ff96ec58000 	C:\WINDOWS\System32\bcrypt.dll
0x00007ff9716d0000 - 0x00007ff9717e7000 	C:\WINDOWS\System32\RPCRT4.dll
0x00007ff9693e0000 - 0x00007ff9693e9000 	C:\WINDOWS\SYSTEM32\WSOCK32.dll
0x00007ff96da20000 - 0x00007ff96da6d000 	C:\WINDOWS\SYSTEM32\POWRPROF.dll
0x00007ff967b00000 - 0x00007ff967b0a000 	C:\WINDOWS\SYSTEM32\VERSION.dll
0x00007ff968210000 - 0x00007ff968244000 	C:\WINDOWS\SYSTEM32\WINMM.dll
0x00007ff970990000 - 0x00007ff970a01000 	C:\WINDOWS\System32\WS2_32.dll
0x00007ff96da00000 - 0x00007ff96da13000 	C:\WINDOWS\SYSTEM32\UMPDC.dll
0x00007ff96dcc0000 - 0x00007ff96dcd8000 	C:\WINDOWS\SYSTEM32\kernel.appcore.dll
0x00007ff96a110000 - 0x00007ff96a11a000 	C:\Users\Afnen\.jdks\corretto-17.0.10\bin\jimage.dll
0x00007ff966310000 - 0x00007ff966543000 	C:\WINDOWS\SYSTEM32\DBGHELP.DLL
0x00007ff96f750000 - 0x00007ff96fad9000 	C:\WINDOWS\System32\combase.dll
0x00007ff9715f0000 - 0x00007ff9716c7000 	C:\WINDOWS\System32\OLEAUT32.dll
0x00007ff964ff0000 - 0x00007ff965022000 	C:\WINDOWS\SYSTEM32\dbgcore.DLL
0x00007ff96f050000 - 0x00007ff96f0ca000 	C:\WINDOWS\System32\bcryptPrimitives.dll
0x00007ff969ec0000 - 0x00007ff969ece000 	C:\Users\Afnen\.jdks\corretto-17.0.10\bin\instrument.dll
0x00007ff95e4e0000 - 0x00007ff95e505000 	C:\Users\Afnen\.jdks\corretto-17.0.10\bin\java.dll

dbghelp: loaded successfully - version: 4.0.5 - missing functions: none
symbol engine: initialized successfully - sym options: 0x614 - pdb path: .;C:\Users\Afnen\.jdks\corretto-17.0.10\bin;C:\WINDOWS\SYSTEM32;C:\WINDOWS\WinSxS\amd64_microsoft.windows.common-controls_6595b64144ccf1df_6.0.22621.2506_none_270c5ae97388e100;C:\Users\Afnen\.jdks\corretto-17.0.10\bin\server

VM Arguments:
jvm_args: -Dmaven.multiModuleProjectDirectory=C:\Users\Afnen\Downloads\Destocker-ghof\Destocker-ghof -Djansi.passthrough=true -Dmaven.home=C:\Program Files\JetBrains\IntelliJ IDEA 2023.2.1\plugins\maven\lib\maven3 -Dclassworlds.conf=C:\Program Files\JetBrains\IntelliJ IDEA 2023.2.1\plugins\maven\lib\maven3\bin\m2.conf -Dmaven.ext.class.path=C:\Program Files\JetBrains\IntelliJ IDEA 2023.2.1\plugins\maven\lib\maven-event-listener.jar -javaagent:C:\Program Files\JetBrains\IntelliJ IDEA 2023.2.1\lib\idea_rt.jar=62424:C:\Program Files\JetBrains\IntelliJ IDEA 2023.2.1\bin -Dfile.encoding=UTF-8 
java_command: org.codehaus.classworlds.Launcher -Didea.version=2023.2.6 org.openjfx:javafx-maven-plugin:0.0.8:run
java_class_path (initial): C:\Program Files\JetBrains\IntelliJ IDEA 2023.2.1\plugins\maven\lib\maven3\boot\plexus-classworlds-2.7.0.jar;C:\Program Files\JetBrains\IntelliJ IDEA 2023.2.1\plugins\maven\lib\maven3\boot\plexus-classworlds.license
Launcher Type: SUN_STANDARD

[Global flags]
     intx CICompilerCount                          = 12                                        {product} {ergonomic}
     uint ConcGCThreads                            = 3                                         {product} {ergonomic}
     uint G1ConcRefinementThreads                  = 13                                        {product} {ergonomic}
   size_t G1HeapRegionSize                         = 2097152                                   {product} {ergonomic}
    uintx GCDrainStackTargetSize                   = 64                                        {product} {ergonomic}
   size_t InitialHeapSize                          = 260046848                                 {product} {ergonomic}
   size_t MarkStackSize                            = 4194304                                   {product} {ergonomic}
   size_t MaxHeapSize                              = 4139778048                                {product} {ergonomic}
   size_t MinHeapDeltaBytes                        = 2097152                                   {product} {ergonomic}
   size_t MinHeapSize                              = 8388608                                   {product} {ergonomic}
    uintx NonNMethodCodeHeapSize                   = 7602480                                {pd product} {ergonomic}
    uintx NonProfiledCodeHeapSize                  = 122027880                              {pd product} {ergonomic}
    uintx ProfiledCodeHeapSize                     = 122027880                              {pd product} {ergonomic}
    uintx ReservedCodeCacheSize                    = 251658240                              {pd product} {ergonomic}
     bool SegmentedCodeCache                       = true                                      {product} {ergonomic}
   size_t SoftMaxHeapSize                          = 4139778048                             {manageable} {ergonomic}
     bool UseCompressedClassPointers               = true                           {product lp64_product} {ergonomic}
     bool UseCompressedOops                        = true                           {product lp64_product} {ergonomic}
     bool UseG1GC                                  = true                                      {product} {ergonomic}
     bool UseLargePagesIndividualAllocation        = false                                  {pd product} {ergonomic}

Logging:
Log output configuration:
 #0: stdout all=warning uptime,level,tags
 #1: stderr all=off uptime,level,tags

Environment Variables:
JAVA_HOME=C:\Users\Afnen\.jdks\corretto-17.0.10
PATH=C:\Program Files (x86)\Common Files\Oracle\Java\javapath;C:\WINDOWS\system32;C:\WINDOWS;C:\WINDOWS\System32\Wbem;C:\WINDOWS\System32\WindowsPowerShell\v1.0\;C:\WINDOWS\System32\OpenSSH\;C:\Users\Afnen\.jdks\jbr-17.0.8.1\bin;C:\xampp\php;C:\composer;C:\Program Files\Git\cmd;C:\MinGw\bin;;C:\Program Files (x86)\NVIDIA Corporation\PhysX\Common;C:\Program Files\NVIDIA Corporation\NVIDIA NvDLISR;C:\Program Files\dotnet\;C:\Users\Afnen\scoop\shims;C:\Users\Afnen\AppData\Local\Microsoft\WindowsApps;;C:\Program Files\JetBrains\IntelliJ IDEA 2023.2.1\bin;;C:\Users\Afnen\AppData\Local\Programs\Microsoft VS Code\bin;C:\Users\Afnen\AppData\Roaming\Composer\vendor\bin
USERNAME=Afnen
OS=Windows_NT
PROCESSOR_IDENTIFIER=AMD64 Family 23 Model 96 Stepping 1, AuthenticAMD
TMP=C:\Users\Afnen\AppData\Local\Temp
TEMP=C:\Users\Afnen\AppData\Local\Temp



Periodic native trim disabled


---------------  S Y S T E M  ---------------

OS:
 Windows 11 , 64 bit Build 22621 (10.0.22621.3085)
OS uptime: 5 days 23:28 hours

CPU: total 16 (initial active 16) (16 cores per cpu, 2 threads per core) family 23 model 96 stepping 1 microcode 0x0, cx8, cmov, fxsr, ht, mmx, 3dnowpref, sse, sse2, sse3, ssse3, sse4a, sse4.1, sse4.2, popcnt, lzcnt, tsc, tscinvbit, avx, avx2, aes, clmul, bmi1, bmi2, adx, sha, fma, vzeroupper, clflush, clflushopt
Processor Information for all 16 processors :
  Max Mhz: 2901, Current Mhz: 2901, Mhz Limit: 2901

Memory: 4k page, system-wide physical 15790M (2636M free)
TotalPageFile size 19886M (AvailPageFile size 152M)
current process WorkingSet (physical memory assigned to process): 11M, peak: 11M
current process commit charge ("private bytes"): 71M, peak: 318M

vm_info: OpenJDK 64-Bit Server VM (17.0.10+7-LTS) for windows-amd64 JRE (17.0.10+7-LTS), built on Jan 10 2024 22:11:07 by "Administrator" with MS VC++ 16.10 / 16.11 (VS2019)

END.
